INFO - 2024-10-22 05:50:41 --> Session: Class initialized using 'CodeIgniter\Session\Handlers\FileHandler' driver.
INFO - 2024-10-22 05:56:59 --> Session: Class initialized using 'CodeIgniter\Session\Handlers\FileHandler' driver.
INFO - 2024-10-22 05:57:07 --> Session: Class initialized using 'CodeIgniter\Session\Handlers\FileHandler' driver.
INFO - 2024-10-22 05:57:08 --> Session: Class initialized using 'CodeIgniter\Session\Handlers\FileHandler' driver.
INFO - 2024-10-22 05:57:13 --> CSRF token verified.
INFO - 2024-10-22 05:57:13 --> Session: Class initialized using 'CodeIgniter\Session\Handlers\FileHandler' driver.
INFO - 2024-10-22 05:57:14 --> Session: Class initialized using 'CodeIgniter\Session\Handlers\FileHandler' driver.
INFO - 2024-10-22 05:57:31 --> Session: Class initialized using 'CodeIgniter\Session\Handlers\FileHandler' driver.
INFO - 2024-10-22 06:02:10 --> Session: Class initialized using 'CodeIgniter\Session\Handlers\FileHandler' driver.
INFO - 2024-10-22 06:02:15 --> Session: Class initialized using 'CodeIgniter\Session\Handlers\FileHandler' driver.
INFO - 2024-10-22 06:05:31 --> Session: Class initialized using 'CodeIgniter\Session\Handlers\FileHandler' driver.
INFO - 2024-10-22 06:06:51 --> Session: Class initialized using 'CodeIgniter\Session\Handlers\FileHandler' driver.
INFO - 2024-10-22 06:06:53 --> Session: Class initialized using 'CodeIgniter\Session\Handlers\FileHandler' driver.
INFO - 2024-10-22 06:08:47 --> Session: Class initialized using 'CodeIgniter\Session\Handlers\FileHandler' driver.
INFO - 2024-10-22 06:08:50 --> Session: Class initialized using 'CodeIgniter\Session\Handlers\FileHandler' driver.
INFO - 2024-10-22 06:09:54 --> Session: Class initialized using 'CodeIgniter\Session\Handlers\FileHandler' driver.
INFO - 2024-10-22 06:09:56 --> Session: Class initialized using 'CodeIgniter\Session\Handlers\FileHandler' driver.
INFO - 2024-10-22 06:10:30 --> Session: Class initialized using 'CodeIgniter\Session\Handlers\FileHandler' driver.
INFO - 2024-10-22 06:10:37 --> Session: Class initialized using 'CodeIgniter\Session\Handlers\FileHandler' driver.
INFO - 2024-10-22 06:10:41 --> Session: Class initialized using 'CodeIgniter\Session\Handlers\FileHandler' driver.
INFO - 2024-10-22 06:10:58 --> CSRF token verified.
ERROR - 2024-10-22 06:10:58 --> mysqli_sql_exception: Unknown column 'meta_title_inggris' in 'field list' in D:\ANIK SAHILAH\Semester 7\Magang\Coding\Tugas SEO\indri.kadinkotamalang.com\46\system\Database\MySQLi\Connection.php:295
Stack trace:
#0 D:\ANIK SAHILAH\Semester 7\Magang\Coding\Tugas SEO\indri.kadinkotamalang.com\46\system\Database\MySQLi\Connection.php(295): mysqli->query('INSERT INTO `me...', 0)
#1 D:\ANIK SAHILAH\Semester 7\Magang\Coding\Tugas SEO\indri.kadinkotamalang.com\46\system\Database\BaseConnection.php(692): CodeIgniter\Database\MySQLi\Connection->execute('INSERT INTO `me...')
#2 D:\ANIK SAHILAH\Semester 7\Magang\Coding\Tugas SEO\indri.kadinkotamalang.com\46\system\Database\BaseConnection.php(606): CodeIgniter\Database\BaseConnection->simpleQuery('INSERT INTO `me...')
#3 D:\ANIK SAHILAH\Semester 7\Magang\Coding\Tugas SEO\indri.kadinkotamalang.com\46\system\Database\BaseBuilder.php(2309): CodeIgniter\Database\BaseConnection->query('INSERT INTO `me...', Array, false)
#4 D:\ANIK SAHILAH\Semester 7\Magang\Coding\Tugas SEO\indri.kadinkotamalang.com\46\system\Model.php(330): CodeIgniter\Database\BaseBuilder->insert()
#5 D:\ANIK SAHILAH\Semester 7\Magang\Coding\Tugas SEO\indri.kadinkotamalang.com\46\system\BaseModel.php(782): CodeIgniter\Model->doInsert(Array)
#6 D:\ANIK SAHILAH\Semester 7\Magang\Coding\Tugas SEO\indri.kadinkotamalang.com\46\system\Model.php(730): CodeIgniter\BaseModel->insert(Array, false)
#7 D:\ANIK SAHILAH\Semester 7\Magang\Coding\Tugas SEO\indri.kadinkotamalang.com\46\system\BaseModel.php(692): CodeIgniter\Model->insert(Array, false)
#8 D:\ANIK SAHILAH\Semester 7\Magang\Coding\Tugas SEO\indri.kadinkotamalang.com\46\app\Controllers\admin\MetaDataController.php(42): CodeIgniter\BaseModel->save(Array)
#9 D:\ANIK SAHILAH\Semester 7\Magang\Coding\Tugas SEO\indri.kadinkotamalang.com\46\system\CodeIgniter.php(932): App\Controllers\Admin\MetaDataController->store()
#10 D:\ANIK SAHILAH\Semester 7\Magang\Coding\Tugas SEO\indri.kadinkotamalang.com\46\system\CodeIgniter.php(497): CodeIgniter\CodeIgniter->runController(Object(App\Controllers\Admin\MetaDataController))
#11 D:\ANIK SAHILAH\Semester 7\Magang\Coding\Tugas SEO\indri.kadinkotamalang.com\46\system\CodeIgniter.php(366): CodeIgniter\CodeIgniter->handleRequest(NULL, Object(Config\Cache), false)
#12 D:\ANIK SAHILAH\Semester 7\Magang\Coding\Tugas SEO\indri.kadinkotamalang.com\46\public\index.php(67): CodeIgniter\CodeIgniter->run()
#13 D:\ANIK SAHILAH\Semester 7\Magang\Coding\Tugas SEO\indri.kadinkotamalang.com\46\system\Commands\Server\rewrite.php(47): require_once('D:\\ANIK SAHILAH...')
#14 {main}
CRITICAL - 2024-10-22 06:10:58 --> Unknown column 'meta_title_inggris' in 'field list'
in SYSTEMPATH\Database\MySQLi\Connection.php on line 295.
 1 SYSTEMPATH\Database\MySQLi\Connection.php(295): mysqli->query('INSERT INTO `meta_data` (`feature`, `meta_title`, `meta_description`, `meta_title_inggris`, `meta_description_inggris`) VALUES (\'beranda\', \'zZxXxzx\', \'czzxzxzx\', \'zxzxzxzxz\', \'zxzxzxzxzx\')', 0)
 2 SYSTEMPATH\Database\BaseConnection.php(692): CodeIgniter\Database\MySQLi\Connection->execute('INSERT INTO `meta_data` (`feature`, `meta_title`, `meta_description`, `meta_title_inggris`, `meta_description_inggris`) VALUES (\'beranda\', \'zZxXxzx\', \'czzxzxzx\', \'zxzxzxzxz\', \'zxzxzxzxzx\')')
 3 SYSTEMPATH\Database\BaseConnection.php(606): CodeIgniter\Database\BaseConnection->simpleQuery('INSERT INTO `meta_data` (`feature`, `meta_title`, `meta_description`, `meta_title_inggris`, `meta_description_inggris`) VALUES (\'beranda\', \'zZxXxzx\', \'czzxzxzx\', \'zxzxzxzxz\', \'zxzxzxzxzx\')')
 4 SYSTEMPATH\Database\BaseBuilder.php(2309): CodeIgniter\Database\BaseConnection->query('INSERT INTO `meta_data` (`feature`, `meta_title`, `meta_description`, `meta_title_inggris`, `meta_description_inggris`) VALUES (:feature:, :meta_title:, :meta_description:, :meta_title_inggris:, :meta_description_inggris:)', [...], false)
 5 SYSTEMPATH\Model.php(330): CodeIgniter\Database\BaseBuilder->insert()
 6 SYSTEMPATH\BaseModel.php(782): CodeIgniter\Model->doInsert([...])
 7 SYSTEMPATH\Model.php(730): CodeIgniter\BaseModel->insert([...], false)
 8 SYSTEMPATH\BaseModel.php(692): CodeIgniter\Model->insert([...], false)
 9 APPPATH\Controllers\admin\MetaDataController.php(42): CodeIgniter\BaseModel->save([...])
10 SYSTEMPATH\CodeIgniter.php(932): App\Controllers\Admin\MetaDataController->store()
11 SYSTEMPATH\CodeIgniter.php(497): CodeIgniter\CodeIgniter->runController(Object(App\Controllers\Admin\MetaDataController))
12 SYSTEMPATH\CodeIgniter.php(366): CodeIgniter\CodeIgniter->handleRequest(null, Object(Config\Cache), false)
13 FCPATH\index.php(67): CodeIgniter\CodeIgniter->run()
14 SYSTEMPATH\Commands\Server\rewrite.php(47): require_once('D:\\ANIK SAHILAH\\Semester 7\\Magang\\Coding\\Tugas SEO\\indri.kadinkotamalang.com\\46\\public\\index.php')
INFO - 2024-10-22 06:11:44 --> CSRF token verified.
INFO - 2024-10-22 06:11:45 --> Session: Class initialized using 'CodeIgniter\Session\Handlers\FileHandler' driver.
INFO - 2024-10-22 06:11:45 --> Session: Class initialized using 'CodeIgniter\Session\Handlers\FileHandler' driver.
INFO - 2024-10-22 06:12:03 --> Session: Class initialized using 'CodeIgniter\Session\Handlers\FileHandler' driver.
INFO - 2024-10-22 06:12:28 --> CSRF token verified.
INFO - 2024-10-22 06:12:28 --> Session: Class initialized using 'CodeIgniter\Session\Handlers\FileHandler' driver.
INFO - 2024-10-22 06:12:29 --> Session: Class initialized using 'CodeIgniter\Session\Handlers\FileHandler' driver.
INFO - 2024-10-22 06:12:37 --> Session: Class initialized using 'CodeIgniter\Session\Handlers\FileHandler' driver.
INFO - 2024-10-22 06:12:37 --> Session: Class initialized using 'CodeIgniter\Session\Handlers\FileHandler' driver.
INFO - 2024-10-22 06:13:15 --> Session: Class initialized using 'CodeIgniter\Session\Handlers\FileHandler' driver.
INFO - 2024-10-22 06:13:59 --> CSRF token verified.
INFO - 2024-10-22 06:13:59 --> Session: Class initialized using 'CodeIgniter\Session\Handlers\FileHandler' driver.
INFO - 2024-10-22 06:14:00 --> Session: Class initialized using 'CodeIgniter\Session\Handlers\FileHandler' driver.
INFO - 2024-10-22 06:14:09 --> Session: Class initialized using 'CodeIgniter\Session\Handlers\FileHandler' driver.
INFO - 2024-10-22 08:41:17 --> Session: Class initialized using 'CodeIgniter\Session\Handlers\FileHandler' driver.
INFO - 2024-10-22 08:41:25 --> Session: Class initialized using 'CodeIgniter\Session\Handlers\FileHandler' driver.
INFO - 2024-10-22 08:41:29 --> Session: Class initialized using 'CodeIgniter\Session\Handlers\FileHandler' driver.
INFO - 2024-10-22 08:41:38 --> Session: Class initialized using 'CodeIgniter\Session\Handlers\FileHandler' driver.
INFO - 2024-10-22 08:41:50 --> Session: Class initialized using 'CodeIgniter\Session\Handlers\FileHandler' driver.
INFO - 2024-10-22 08:42:28 --> Session: Class initialized using 'CodeIgniter\Session\Handlers\FileHandler' driver.
INFO - 2024-10-22 08:42:31 --> Session: Class initialized using 'CodeIgniter\Session\Handlers\FileHandler' driver.
INFO - 2024-10-22 08:43:05 --> Session: Class initialized using 'CodeIgniter\Session\Handlers\FileHandler' driver.
INFO - 2024-10-22 08:43:05 --> Session: Class initialized using 'CodeIgniter\Session\Handlers\FileHandler' driver.
INFO - 2024-10-22 08:43:24 --> Session: Class initialized using 'CodeIgniter\Session\Handlers\FileHandler' driver.
INFO - 2024-10-22 08:43:30 --> Session: Class initialized using 'CodeIgniter\Session\Handlers\FileHandler' driver.
INFO - 2024-10-22 09:04:43 --> Session: Class initialized using 'CodeIgniter\Session\Handlers\FileHandler' driver.
