INFO - 2024-11-02 04:23:00 --> Session: Class initialized using 'CodeIgniter\Session\Handlers\FileHandler' driver.
INFO - 2024-11-02 04:23:21 --> Session: Class initialized using 'CodeIgniter\Session\Handlers\FileHandler' driver.
INFO - 2024-11-02 04:23:37 --> Session: Class initialized using 'CodeIgniter\Session\Handlers\FileHandler' driver.
INFO - 2024-11-02 04:23:38 --> Session: Class initialized using 'CodeIgniter\Session\Handlers\FileHandler' driver.
INFO - 2024-11-02 04:23:46 --> Session: Class initialized using 'CodeIgniter\Session\Handlers\FileHandler' driver.
INFO - 2024-11-02 04:23:47 --> Session: Class initialized using 'CodeIgniter\Session\Handlers\FileHandler' driver.
INFO - 2024-11-02 04:24:02 --> Session: Class initialized using 'CodeIgniter\Session\Handlers\FileHandler' driver.
INFO - 2024-11-02 04:24:02 --> Session: Class initialized using 'CodeIgniter\Session\Handlers\FileHandler' driver.
INFO - 2024-11-02 04:29:22 --> Session: Class initialized using 'CodeIgniter\Session\Handlers\FileHandler' driver.
CRITICAL - 2024-11-02 04:29:22 --> Undefined variable $selectedLang
in APPPATH\Views\user\home\index.php on line 38.
 1 APPPATH\Views\user\home\index.php(38): CodeIgniter\Debug\Exceptions->errorHandler(2, 'Undefined variable $selectedLang', 'D:\\ANIK SAHILAH\\Semester 7\\Magang\\Coding\\Tugas SEO\\indri.kadinkotamalang.com\\46\\app\\Views\\user\\home\\index.php', 38)
 2 SYSTEMPATH\View\View.php(224): include('D:\\ANIK SAHILAH\\Semester 7\\Magang\\Coding\\Tugas SEO\\indri.kadinkotamalang.com\\46\\app\\Views\\user\\home\\index.php')
 3 SYSTEMPATH\View\View.php(227): CodeIgniter\View\View->CodeIgniter\View\{closure}()
 4 SYSTEMPATH\Common.php(1180): CodeIgniter\View\View->render('user/home/index', [], true)
 5 APPPATH\Controllers\user\Homectrl.php(68): view('user/home/index', [...])
 6 SYSTEMPATH\CodeIgniter.php(932): App\Controllers\user\Homectrl->index()
 7 SYSTEMPATH\CodeIgniter.php(497): CodeIgniter\CodeIgniter->runController(Object(App\Controllers\user\Homectrl))
 8 SYSTEMPATH\CodeIgniter.php(366): CodeIgniter\CodeIgniter->handleRequest(null, Object(Config\Cache), false)
 9 FCPATH\index.php(67): CodeIgniter\CodeIgniter->run()
10 SYSTEMPATH\Commands\Server\rewrite.php(47): require_once('D:\\ANIK SAHILAH\\Semester 7\\Magang\\Coding\\Tugas SEO\\indri.kadinkotamalang.com\\46\\public\\index.php')
INFO - 2024-11-02 04:29:55 --> Session: Class initialized using 'CodeIgniter\Session\Handlers\FileHandler' driver.
INFO - 2024-11-02 04:30:03 --> Session: Class initialized using 'CodeIgniter\Session\Handlers\FileHandler' driver.
INFO - 2024-11-02 04:30:03 --> Session: Class initialized using 'CodeIgniter\Session\Handlers\FileHandler' driver.
INFO - 2024-11-02 04:34:49 --> Session: Class initialized using 'CodeIgniter\Session\Handlers\FileHandler' driver.
CRITICAL - 2024-11-02 04:34:50 --> Undefined variable $bahasa
in APPPATH\Views\user\home\index.php on line 17.
 1 APPPATH\Views\user\home\index.php(17): CodeIgniter\Debug\Exceptions->errorHandler(2, 'Undefined variable $bahasa', 'D:\\ANIK SAHILAH\\Semester 7\\Magang\\Coding\\Tugas SEO\\indri.kadinkotamalang.com\\46\\app\\Views\\user\\home\\index.php', 17)
 2 SYSTEMPATH\View\View.php(224): include('D:\\ANIK SAHILAH\\Semester 7\\Magang\\Coding\\Tugas SEO\\indri.kadinkotamalang.com\\46\\app\\Views\\user\\home\\index.php')
 3 SYSTEMPATH\View\View.php(227): CodeIgniter\View\View->CodeIgniter\View\{closure}()
 4 SYSTEMPATH\Common.php(1180): CodeIgniter\View\View->render('user/home/index', [], true)
 5 APPPATH\Controllers\user\Homectrl.php(68): view('user/home/index', [...])
 6 SYSTEMPATH\CodeIgniter.php(932): App\Controllers\user\Homectrl->index()
 7 SYSTEMPATH\CodeIgniter.php(497): CodeIgniter\CodeIgniter->runController(Object(App\Controllers\user\Homectrl))
 8 SYSTEMPATH\CodeIgniter.php(366): CodeIgniter\CodeIgniter->handleRequest(null, Object(Config\Cache), false)
 9 FCPATH\index.php(67): CodeIgniter\CodeIgniter->run()
10 SYSTEMPATH\Commands\Server\rewrite.php(47): require_once('D:\\ANIK SAHILAH\\Semester 7\\Magang\\Coding\\Tugas SEO\\indri.kadinkotamalang.com\\46\\public\\index.php')
INFO - 2024-11-02 04:36:38 --> Session: Class initialized using 'CodeIgniter\Session\Handlers\FileHandler' driver.
CRITICAL - 2024-11-02 04:36:38 --> Undefined variable $descper
in APPPATH\Views\user\home\index.php on line 17.
 1 APPPATH\Views\user\home\index.php(17): CodeIgniter\Debug\Exceptions->errorHandler(2, 'Undefined variable $descper', 'D:\\ANIK SAHILAH\\Semester 7\\Magang\\Coding\\Tugas SEO\\indri.kadinkotamalang.com\\46\\app\\Views\\user\\home\\index.php', 17)
 2 SYSTEMPATH\View\View.php(224): include('D:\\ANIK SAHILAH\\Semester 7\\Magang\\Coding\\Tugas SEO\\indri.kadinkotamalang.com\\46\\app\\Views\\user\\home\\index.php')
 3 SYSTEMPATH\View\View.php(227): CodeIgniter\View\View->CodeIgniter\View\{closure}()
 4 SYSTEMPATH\Common.php(1180): CodeIgniter\View\View->render('user/home/index', [], true)
 5 APPPATH\Controllers\user\Homectrl.php(68): view('user/home/index', [...])
 6 SYSTEMPATH\CodeIgniter.php(932): App\Controllers\user\Homectrl->index()
 7 SYSTEMPATH\CodeIgniter.php(497): CodeIgniter\CodeIgniter->runController(Object(App\Controllers\user\Homectrl))
 8 SYSTEMPATH\CodeIgniter.php(366): CodeIgniter\CodeIgniter->handleRequest(null, Object(Config\Cache), false)
 9 FCPATH\index.php(67): CodeIgniter\CodeIgniter->run()
10 SYSTEMPATH\Commands\Server\rewrite.php(47): require_once('D:\\ANIK SAHILAH\\Semester 7\\Magang\\Coding\\Tugas SEO\\indri.kadinkotamalang.com\\46\\public\\index.php')
INFO - 2024-11-02 04:36:40 --> Session: Class initialized using 'CodeIgniter\Session\Handlers\FileHandler' driver.
CRITICAL - 2024-11-02 04:36:40 --> Undefined variable $descper
in APPPATH\Views\user\home\index.php on line 17.
 1 APPPATH\Views\user\home\index.php(17): CodeIgniter\Debug\Exceptions->errorHandler(2, 'Undefined variable $descper', 'D:\\ANIK SAHILAH\\Semester 7\\Magang\\Coding\\Tugas SEO\\indri.kadinkotamalang.com\\46\\app\\Views\\user\\home\\index.php', 17)
 2 SYSTEMPATH\View\View.php(224): include('D:\\ANIK SAHILAH\\Semester 7\\Magang\\Coding\\Tugas SEO\\indri.kadinkotamalang.com\\46\\app\\Views\\user\\home\\index.php')
 3 SYSTEMPATH\View\View.php(227): CodeIgniter\View\View->CodeIgniter\View\{closure}()
 4 SYSTEMPATH\Common.php(1180): CodeIgniter\View\View->render('user/home/index', [], true)
 5 APPPATH\Controllers\user\Homectrl.php(68): view('user/home/index', [...])
 6 SYSTEMPATH\CodeIgniter.php(932): App\Controllers\user\Homectrl->index()
 7 SYSTEMPATH\CodeIgniter.php(497): CodeIgniter\CodeIgniter->runController(Object(App\Controllers\user\Homectrl))
 8 SYSTEMPATH\CodeIgniter.php(366): CodeIgniter\CodeIgniter->handleRequest(null, Object(Config\Cache), false)
 9 FCPATH\index.php(67): CodeIgniter\CodeIgniter->run()
10 SYSTEMPATH\Commands\Server\rewrite.php(47): require_once('D:\\ANIK SAHILAH\\Semester 7\\Magang\\Coding\\Tugas SEO\\indri.kadinkotamalang.com\\46\\public\\index.php')
INFO - 2024-11-02 04:39:41 --> Session: Class initialized using 'CodeIgniter\Session\Handlers\FileHandler' driver.
INFO - 2024-11-02 04:41:34 --> Session: Class initialized using 'CodeIgniter\Session\Handlers\FileHandler' driver.
INFO - 2024-11-02 04:42:43 --> Session: Class initialized using 'CodeIgniter\Session\Handlers\FileHandler' driver.
CRITICAL - 2024-11-02 04:42:43 --> Undefined property: stdClass::$nama_produk_en
in APPPATH\Views\user\home\index.php on line 86.
 1 APPPATH\Views\user\home\index.php(86): CodeIgniter\Debug\Exceptions->errorHandler(2, 'Undefined property: stdClass::$nama_produk_en', 'D:\\ANIK SAHILAH\\Semester 7\\Magang\\Coding\\Tugas SEO\\indri.kadinkotamalang.com\\46\\app\\Views\\user\\home\\index.php', 86)
 2 SYSTEMPATH\View\View.php(224): include('D:\\ANIK SAHILAH\\Semester 7\\Magang\\Coding\\Tugas SEO\\indri.kadinkotamalang.com\\46\\app\\Views\\user\\home\\index.php')
 3 SYSTEMPATH\View\View.php(227): CodeIgniter\View\View->CodeIgniter\View\{closure}()
 4 SYSTEMPATH\Common.php(1180): CodeIgniter\View\View->render('user/home/index', [], true)
 5 APPPATH\Controllers\user\Homectrl.php(68): view('user/home/index', [...])
 6 SYSTEMPATH\CodeIgniter.php(932): App\Controllers\user\Homectrl->index()
 7 SYSTEMPATH\CodeIgniter.php(497): CodeIgniter\CodeIgniter->runController(Object(App\Controllers\user\Homectrl))
 8 SYSTEMPATH\CodeIgniter.php(366): CodeIgniter\CodeIgniter->handleRequest(null, Object(Config\Cache), false)
 9 FCPATH\index.php(67): CodeIgniter\CodeIgniter->run()
10 SYSTEMPATH\Commands\Server\rewrite.php(47): require_once('D:\\ANIK SAHILAH\\Semester 7\\Magang\\Coding\\Tugas SEO\\indri.kadinkotamalang.com\\46\\public\\index.php')
INFO - 2024-11-02 04:43:54 --> Session: Class initialized using 'CodeIgniter\Session\Handlers\FileHandler' driver.
INFO - 2024-11-02 04:44:00 --> Session: Class initialized using 'CodeIgniter\Session\Handlers\FileHandler' driver.
INFO - 2024-11-02 04:44:00 --> Session: Class initialized using 'CodeIgniter\Session\Handlers\FileHandler' driver.
INFO - 2024-11-02 04:44:07 --> Session: Class initialized using 'CodeIgniter\Session\Handlers\FileHandler' driver.
INFO - 2024-11-02 04:44:07 --> Session: Class initialized using 'CodeIgniter\Session\Handlers\FileHandler' driver.
INFO - 2024-11-02 04:47:45 --> Session: Class initialized using 'CodeIgniter\Session\Handlers\FileHandler' driver.
INFO - 2024-11-02 04:47:59 --> Session: Class initialized using 'CodeIgniter\Session\Handlers\FileHandler' driver.
INFO - 2024-11-02 04:50:10 --> Session: Class initialized using 'CodeIgniter\Session\Handlers\FileHandler' driver.
INFO - 2024-11-02 04:50:22 --> Session: Class initialized using 'CodeIgniter\Session\Handlers\FileHandler' driver.
INFO - 2024-11-02 04:50:23 --> Session: Class initialized using 'CodeIgniter\Session\Handlers\FileHandler' driver.
INFO - 2024-11-02 04:50:32 --> Session: Class initialized using 'CodeIgniter\Session\Handlers\FileHandler' driver.
INFO - 2024-11-02 04:50:33 --> Session: Class initialized using 'CodeIgniter\Session\Handlers\FileHandler' driver.
INFO - 2024-11-02 04:51:30 --> Session: Class initialized using 'CodeIgniter\Session\Handlers\FileHandler' driver.
CRITICAL - 2024-11-02 04:51:30 --> Undefined property: stdClass::$nama_produk_in
in APPPATH\Views\user\home\index.php on line 134.
 1 APPPATH\Views\user\home\index.php(134): CodeIgniter\Debug\Exceptions->errorHandler(2, 'Undefined property: stdClass::$nama_produk_in', 'D:\\ANIK SAHILAH\\Semester 7\\Magang\\Coding\\Tugas SEO\\indri.kadinkotamalang.com\\46\\app\\Views\\user\\home\\index.php', 134)
 2 SYSTEMPATH\View\View.php(224): include('D:\\ANIK SAHILAH\\Semester 7\\Magang\\Coding\\Tugas SEO\\indri.kadinkotamalang.com\\46\\app\\Views\\user\\home\\index.php')
 3 SYSTEMPATH\View\View.php(227): CodeIgniter\View\View->CodeIgniter\View\{closure}()
 4 SYSTEMPATH\Common.php(1180): CodeIgniter\View\View->render('user/home/index', [], true)
 5 APPPATH\Controllers\user\Homectrl.php(68): view('user/home/index', [...])
 6 SYSTEMPATH\CodeIgniter.php(932): App\Controllers\user\Homectrl->index()
 7 SYSTEMPATH\CodeIgniter.php(497): CodeIgniter\CodeIgniter->runController(Object(App\Controllers\user\Homectrl))
 8 SYSTEMPATH\CodeIgniter.php(366): CodeIgniter\CodeIgniter->handleRequest(null, Object(Config\Cache), false)
 9 FCPATH\index.php(67): CodeIgniter\CodeIgniter->run()
10 SYSTEMPATH\Commands\Server\rewrite.php(47): require_once('D:\\ANIK SAHILAH\\Semester 7\\Magang\\Coding\\Tugas SEO\\indri.kadinkotamalang.com\\46\\public\\index.php')
INFO - 2024-11-02 04:52:02 --> Session: Class initialized using 'CodeIgniter\Session\Handlers\FileHandler' driver.
INFO - 2024-11-02 04:52:13 --> Session: Class initialized using 'CodeIgniter\Session\Handlers\FileHandler' driver.
INFO - 2024-11-02 04:52:13 --> Session: Class initialized using 'CodeIgniter\Session\Handlers\FileHandler' driver.
INFO - 2024-11-02 04:52:25 --> Session: Class initialized using 'CodeIgniter\Session\Handlers\FileHandler' driver.
INFO - 2024-11-02 04:52:25 --> Session: Class initialized using 'CodeIgniter\Session\Handlers\FileHandler' driver.
INFO - 2024-11-02 04:52:30 --> Session: Class initialized using 'CodeIgniter\Session\Handlers\FileHandler' driver.
INFO - 2024-11-02 04:53:42 --> Session: Class initialized using 'CodeIgniter\Session\Handlers\FileHandler' driver.
INFO - 2024-11-02 04:53:51 --> Session: Class initialized using 'CodeIgniter\Session\Handlers\FileHandler' driver.
INFO - 2024-11-02 04:53:51 --> Session: Class initialized using 'CodeIgniter\Session\Handlers\FileHandler' driver.
INFO - 2024-11-02 04:53:53 --> Session: Class initialized using 'CodeIgniter\Session\Handlers\FileHandler' driver.
INFO - 2024-11-02 04:54:06 --> Session: Class initialized using 'CodeIgniter\Session\Handlers\FileHandler' driver.
INFO - 2024-11-02 04:55:28 --> Session: Class initialized using 'CodeIgniter\Session\Handlers\FileHandler' driver.
INFO - 2024-11-02 04:55:32 --> Session: Class initialized using 'CodeIgniter\Session\Handlers\FileHandler' driver.
INFO - 2024-11-02 04:55:35 --> Session: Class initialized using 'CodeIgniter\Session\Handlers\FileHandler' driver.
INFO - 2024-11-02 04:55:44 --> Session: Class initialized using 'CodeIgniter\Session\Handlers\FileHandler' driver.
INFO - 2024-11-02 04:55:44 --> Session: Class initialized using 'CodeIgniter\Session\Handlers\FileHandler' driver.
INFO - 2024-11-02 04:55:52 --> Session: Class initialized using 'CodeIgniter\Session\Handlers\FileHandler' driver.
INFO - 2024-11-02 04:55:52 --> Session: Class initialized using 'CodeIgniter\Session\Handlers\FileHandler' driver.
INFO - 2024-11-02 04:56:01 --> Session: Class initialized using 'CodeIgniter\Session\Handlers\FileHandler' driver.
INFO - 2024-11-02 04:56:04 --> Session: Class initialized using 'CodeIgniter\Session\Handlers\FileHandler' driver.
INFO - 2024-11-02 04:56:12 --> Session: Class initialized using 'CodeIgniter\Session\Handlers\FileHandler' driver.
INFO - 2024-11-02 04:56:28 --> Session: Class initialized using 'CodeIgniter\Session\Handlers\FileHandler' driver.
INFO - 2024-11-02 04:56:37 --> Session: Class initialized using 'CodeIgniter\Session\Handlers\FileHandler' driver.
INFO - 2024-11-02 04:58:09 --> Session: Class initialized using 'CodeIgniter\Session\Handlers\FileHandler' driver.
INFO - 2024-11-02 04:59:12 --> Session: Class initialized using 'CodeIgniter\Session\Handlers\FileHandler' driver.
INFO - 2024-11-02 04:59:17 --> Session: Class initialized using 'CodeIgniter\Session\Handlers\FileHandler' driver.
INFO - 2024-11-02 04:59:18 --> Session: Class initialized using 'CodeIgniter\Session\Handlers\FileHandler' driver.
INFO - 2024-11-02 04:59:20 --> Session: Class initialized using 'CodeIgniter\Session\Handlers\FileHandler' driver.
INFO - 2024-11-02 05:00:04 --> Session: Class initialized using 'CodeIgniter\Session\Handlers\FileHandler' driver.
INFO - 2024-11-02 05:00:14 --> Session: Class initialized using 'CodeIgniter\Session\Handlers\FileHandler' driver.
INFO - 2024-11-02 05:00:15 --> Session: Class initialized using 'CodeIgniter\Session\Handlers\FileHandler' driver.
INFO - 2024-11-02 05:00:19 --> Session: Class initialized using 'CodeIgniter\Session\Handlers\FileHandler' driver.
INFO - 2024-11-02 05:01:23 --> Session: Class initialized using 'CodeIgniter\Session\Handlers\FileHandler' driver.
INFO - 2024-11-02 05:01:28 --> Session: Class initialized using 'CodeIgniter\Session\Handlers\FileHandler' driver.
CRITICAL - 2024-11-02 05:01:28 --> Undefined variable $row
in APPPATH\Views\user\products\index.php on line 38.
 1 APPPATH\Views\user\products\index.php(38): CodeIgniter\Debug\Exceptions->errorHandler(2, 'Undefined variable $row', 'D:\\ANIK SAHILAH\\Semester 7\\Magang\\Coding\\Tugas SEO\\indri.kadinkotamalang.com\\46\\app\\Views\\user\\products\\index.php', 38)
 2 SYSTEMPATH\View\View.php(224): include('D:\\ANIK SAHILAH\\Semester 7\\Magang\\Coding\\Tugas SEO\\indri.kadinkotamalang.com\\46\\app\\Views\\user\\products\\index.php')
 3 SYSTEMPATH\View\View.php(227): CodeIgniter\View\View->CodeIgniter\View\{closure}()
 4 SYSTEMPATH\Common.php(1180): CodeIgniter\View\View->render('user/products/index', [], true)
 5 APPPATH\Controllers\user\Productsctrl.php(50): view('user/products/index', [...])
 6 SYSTEMPATH\CodeIgniter.php(932): App\Controllers\user\Productsctrl->index()
 7 SYSTEMPATH\CodeIgniter.php(497): CodeIgniter\CodeIgniter->runController(Object(App\Controllers\user\Productsctrl))
 8 SYSTEMPATH\CodeIgniter.php(366): CodeIgniter\CodeIgniter->handleRequest(null, Object(Config\Cache), false)
 9 FCPATH\index.php(67): CodeIgniter\CodeIgniter->run()
10 SYSTEMPATH\Commands\Server\rewrite.php(47): require_once('D:\\ANIK SAHILAH\\Semester 7\\Magang\\Coding\\Tugas SEO\\indri.kadinkotamalang.com\\46\\public\\index.php')
INFO - 2024-11-02 05:03:25 --> Session: Class initialized using 'CodeIgniter\Session\Handlers\FileHandler' driver.
CRITICAL - 2024-11-02 05:03:25 --> Undefined variable $lang
in APPPATH\Views\user\products\index.php on line 39.
 1 APPPATH\Views\user\products\index.php(39): CodeIgniter\Debug\Exceptions->errorHandler(2, 'Undefined variable $lang', 'D:\\ANIK SAHILAH\\Semester 7\\Magang\\Coding\\Tugas SEO\\indri.kadinkotamalang.com\\46\\app\\Views\\user\\products\\index.php', 39)
 2 SYSTEMPATH\View\View.php(224): include('D:\\ANIK SAHILAH\\Semester 7\\Magang\\Coding\\Tugas SEO\\indri.kadinkotamalang.com\\46\\app\\Views\\user\\products\\index.php')
 3 SYSTEMPATH\View\View.php(227): CodeIgniter\View\View->CodeIgniter\View\{closure}()
 4 SYSTEMPATH\Common.php(1180): CodeIgniter\View\View->render('user/products/index', [], true)
 5 APPPATH\Controllers\user\Productsctrl.php(50): view('user/products/index', [...])
 6 SYSTEMPATH\CodeIgniter.php(932): App\Controllers\user\Productsctrl->index()
 7 SYSTEMPATH\CodeIgniter.php(497): CodeIgniter\CodeIgniter->runController(Object(App\Controllers\user\Productsctrl))
 8 SYSTEMPATH\CodeIgniter.php(366): CodeIgniter\CodeIgniter->handleRequest(null, Object(Config\Cache), false)
 9 FCPATH\index.php(67): CodeIgniter\CodeIgniter->run()
10 SYSTEMPATH\Commands\Server\rewrite.php(47): require_once('D:\\ANIK SAHILAH\\Semester 7\\Magang\\Coding\\Tugas SEO\\indri.kadinkotamalang.com\\46\\public\\index.php')
INFO - 2024-11-02 05:03:28 --> Session: Class initialized using 'CodeIgniter\Session\Handlers\FileHandler' driver.
CRITICAL - 2024-11-02 05:03:29 --> Undefined variable $lang
in APPPATH\Views\user\products\index.php on line 39.
 1 APPPATH\Views\user\products\index.php(39): CodeIgniter\Debug\Exceptions->errorHandler(2, 'Undefined variable $lang', 'D:\\ANIK SAHILAH\\Semester 7\\Magang\\Coding\\Tugas SEO\\indri.kadinkotamalang.com\\46\\app\\Views\\user\\products\\index.php', 39)
 2 SYSTEMPATH\View\View.php(224): include('D:\\ANIK SAHILAH\\Semester 7\\Magang\\Coding\\Tugas SEO\\indri.kadinkotamalang.com\\46\\app\\Views\\user\\products\\index.php')
 3 SYSTEMPATH\View\View.php(227): CodeIgniter\View\View->CodeIgniter\View\{closure}()
 4 SYSTEMPATH\Common.php(1180): CodeIgniter\View\View->render('user/products/index', [], true)
 5 APPPATH\Controllers\user\Productsctrl.php(50): view('user/products/index', [...])
 6 SYSTEMPATH\CodeIgniter.php(932): App\Controllers\user\Productsctrl->index()
 7 SYSTEMPATH\CodeIgniter.php(497): CodeIgniter\CodeIgniter->runController(Object(App\Controllers\user\Productsctrl))
 8 SYSTEMPATH\CodeIgniter.php(366): CodeIgniter\CodeIgniter->handleRequest(null, Object(Config\Cache), false)
 9 FCPATH\index.php(67): CodeIgniter\CodeIgniter->run()
10 SYSTEMPATH\Commands\Server\rewrite.php(47): require_once('D:\\ANIK SAHILAH\\Semester 7\\Magang\\Coding\\Tugas SEO\\indri.kadinkotamalang.com\\46\\public\\index.php')
INFO - 2024-11-02 05:03:53 --> Session: Class initialized using 'CodeIgniter\Session\Handlers\FileHandler' driver.
CRITICAL - 2024-11-02 05:03:53 --> Undefined variable $lang
in APPPATH\Views\user\products\index.php on line 39.
 1 APPPATH\Views\user\products\index.php(39): CodeIgniter\Debug\Exceptions->errorHandler(2, 'Undefined variable $lang', 'D:\\ANIK SAHILAH\\Semester 7\\Magang\\Coding\\Tugas SEO\\indri.kadinkotamalang.com\\46\\app\\Views\\user\\products\\index.php', 39)
 2 SYSTEMPATH\View\View.php(224): include('D:\\ANIK SAHILAH\\Semester 7\\Magang\\Coding\\Tugas SEO\\indri.kadinkotamalang.com\\46\\app\\Views\\user\\products\\index.php')
 3 SYSTEMPATH\View\View.php(227): CodeIgniter\View\View->CodeIgniter\View\{closure}()
 4 SYSTEMPATH\Common.php(1180): CodeIgniter\View\View->render('user/products/index', [], true)
 5 APPPATH\Controllers\user\Productsctrl.php(50): view('user/products/index', [...])
 6 SYSTEMPATH\CodeIgniter.php(932): App\Controllers\user\Productsctrl->index()
 7 SYSTEMPATH\CodeIgniter.php(497): CodeIgniter\CodeIgniter->runController(Object(App\Controllers\user\Productsctrl))
 8 SYSTEMPATH\CodeIgniter.php(366): CodeIgniter\CodeIgniter->handleRequest(null, Object(Config\Cache), false)
 9 FCPATH\index.php(67): CodeIgniter\CodeIgniter->run()
10 SYSTEMPATH\Commands\Server\rewrite.php(47): require_once('D:\\ANIK SAHILAH\\Semester 7\\Magang\\Coding\\Tugas SEO\\indri.kadinkotamalang.com\\46\\public\\index.php')
INFO - 2024-11-02 05:04:08 --> Session: Class initialized using 'CodeIgniter\Session\Handlers\FileHandler' driver.
INFO - 2024-11-02 05:04:27 --> Session: Class initialized using 'CodeIgniter\Session\Handlers\FileHandler' driver.
INFO - 2024-11-02 05:04:57 --> Session: Class initialized using 'CodeIgniter\Session\Handlers\FileHandler' driver.
INFO - 2024-11-02 05:05:12 --> Session: Class initialized using 'CodeIgniter\Session\Handlers\FileHandler' driver.
INFO - 2024-11-02 05:05:32 --> Session: Class initialized using 'CodeIgniter\Session\Handlers\FileHandler' driver.
INFO - 2024-11-02 05:07:59 --> Session: Class initialized using 'CodeIgniter\Session\Handlers\FileHandler' driver.
INFO - 2024-11-02 05:08:05 --> Session: Class initialized using 'CodeIgniter\Session\Handlers\FileHandler' driver.
CRITICAL - 2024-11-02 05:08:05 --> Undefined variable $row
in APPPATH\Views\user\products\index.php on line 40.
 1 APPPATH\Views\user\products\index.php(40): CodeIgniter\Debug\Exceptions->errorHandler(2, 'Undefined variable $row', 'D:\\ANIK SAHILAH\\Semester 7\\Magang\\Coding\\Tugas SEO\\indri.kadinkotamalang.com\\46\\app\\Views\\user\\products\\index.php', 40)
 2 SYSTEMPATH\View\View.php(224): include('D:\\ANIK SAHILAH\\Semester 7\\Magang\\Coding\\Tugas SEO\\indri.kadinkotamalang.com\\46\\app\\Views\\user\\products\\index.php')
 3 SYSTEMPATH\View\View.php(227): CodeIgniter\View\View->CodeIgniter\View\{closure}()
 4 SYSTEMPATH\Common.php(1180): CodeIgniter\View\View->render('user/products/index', [], true)
 5 APPPATH\Controllers\user\Productsctrl.php(50): view('user/products/index', [...])
 6 SYSTEMPATH\CodeIgniter.php(932): App\Controllers\user\Productsctrl->index()
 7 SYSTEMPATH\CodeIgniter.php(497): CodeIgniter\CodeIgniter->runController(Object(App\Controllers\user\Productsctrl))
 8 SYSTEMPATH\CodeIgniter.php(366): CodeIgniter\CodeIgniter->handleRequest(null, Object(Config\Cache), false)
 9 FCPATH\index.php(67): CodeIgniter\CodeIgniter->run()
10 SYSTEMPATH\Commands\Server\rewrite.php(47): require_once('D:\\ANIK SAHILAH\\Semester 7\\Magang\\Coding\\Tugas SEO\\indri.kadinkotamalang.com\\46\\public\\index.php')
INFO - 2024-11-02 05:08:21 --> Session: Class initialized using 'CodeIgniter\Session\Handlers\FileHandler' driver.
CRITICAL - 2024-11-02 05:08:21 --> Undefined property: stdClass::$created_at
in APPPATH\Views\user\products\index.php on line 40.
 1 APPPATH\Views\user\products\index.php(40): CodeIgniter\Debug\Exceptions->errorHandler(2, 'Undefined property: stdClass::$created_at', 'D:\\ANIK SAHILAH\\Semester 7\\Magang\\Coding\\Tugas SEO\\indri.kadinkotamalang.com\\46\\app\\Views\\user\\products\\index.php', 40)
 2 SYSTEMPATH\View\View.php(224): include('D:\\ANIK SAHILAH\\Semester 7\\Magang\\Coding\\Tugas SEO\\indri.kadinkotamalang.com\\46\\app\\Views\\user\\products\\index.php')
 3 SYSTEMPATH\View\View.php(227): CodeIgniter\View\View->CodeIgniter\View\{closure}()
 4 SYSTEMPATH\Common.php(1180): CodeIgniter\View\View->render('user/products/index', [], true)
 5 APPPATH\Controllers\user\Productsctrl.php(50): view('user/products/index', [...])
 6 SYSTEMPATH\CodeIgniter.php(932): App\Controllers\user\Productsctrl->index()
 7 SYSTEMPATH\CodeIgniter.php(497): CodeIgniter\CodeIgniter->runController(Object(App\Controllers\user\Productsctrl))
 8 SYSTEMPATH\CodeIgniter.php(366): CodeIgniter\CodeIgniter->handleRequest(null, Object(Config\Cache), false)
 9 FCPATH\index.php(67): CodeIgniter\CodeIgniter->run()
10 SYSTEMPATH\Commands\Server\rewrite.php(47): require_once('D:\\ANIK SAHILAH\\Semester 7\\Magang\\Coding\\Tugas SEO\\indri.kadinkotamalang.com\\46\\public\\index.php')
INFO - 2024-11-02 05:09:23 --> Session: Class initialized using 'CodeIgniter\Session\Handlers\FileHandler' driver.
INFO - 2024-11-02 05:10:13 --> Session: Class initialized using 'CodeIgniter\Session\Handlers\FileHandler' driver.
INFO - 2024-11-02 05:11:25 --> Session: Class initialized using 'CodeIgniter\Session\Handlers\FileHandler' driver.
INFO - 2024-11-02 05:11:37 --> Session: Class initialized using 'CodeIgniter\Session\Handlers\FileHandler' driver.
INFO - 2024-11-02 05:12:43 --> Session: Class initialized using 'CodeIgniter\Session\Handlers\FileHandler' driver.
INFO - 2024-11-02 05:12:52 --> Session: Class initialized using 'CodeIgniter\Session\Handlers\FileHandler' driver.
INFO - 2024-11-02 05:12:52 --> Session: Class initialized using 'CodeIgniter\Session\Handlers\FileHandler' driver.
INFO - 2024-11-02 05:12:58 --> Session: Class initialized using 'CodeIgniter\Session\Handlers\FileHandler' driver.
INFO - 2024-11-02 05:13:36 --> Session: Class initialized using 'CodeIgniter\Session\Handlers\FileHandler' driver.
INFO - 2024-11-02 05:13:41 --> Session: Class initialized using 'CodeIgniter\Session\Handlers\FileHandler' driver.
INFO - 2024-11-02 05:13:41 --> Session: Class initialized using 'CodeIgniter\Session\Handlers\FileHandler' driver.
INFO - 2024-11-02 05:13:44 --> Session: Class initialized using 'CodeIgniter\Session\Handlers\FileHandler' driver.
INFO - 2024-11-02 05:13:50 --> Session: Class initialized using 'CodeIgniter\Session\Handlers\FileHandler' driver.
INFO - 2024-11-02 05:13:50 --> Session: Class initialized using 'CodeIgniter\Session\Handlers\FileHandler' driver.
INFO - 2024-11-02 05:13:53 --> Session: Class initialized using 'CodeIgniter\Session\Handlers\FileHandler' driver.
INFO - 2024-11-02 05:14:38 --> Session: Class initialized using 'CodeIgniter\Session\Handlers\FileHandler' driver.
INFO - 2024-11-02 05:15:43 --> Session: Class initialized using 'CodeIgniter\Session\Handlers\FileHandler' driver.
INFO - 2024-11-02 05:15:55 --> Session: Class initialized using 'CodeIgniter\Session\Handlers\FileHandler' driver.
INFO - 2024-11-02 05:15:55 --> Session: Class initialized using 'CodeIgniter\Session\Handlers\FileHandler' driver.
INFO - 2024-11-02 05:15:58 --> Session: Class initialized using 'CodeIgniter\Session\Handlers\FileHandler' driver.
